\BOOKMARK [0][-]{chapter.1}{\332vod}{}% 1
\BOOKMARK [1][-]{section.1.1}{\040Experiment\341ln\355\040motivace}{chapter.1}% 2
\BOOKMARK [1][-]{section.1.2}{\040Silikofosf\341tov\351\040polymery}{chapter.1}% 3
\BOOKMARK [1][-]{section.1.3}{\376\377\000\040\000H\000y\000p\000e\000r\000v\000a\000l\000e\000n\000c\000e\000\040\000p\000-\000p\000r\000v\000k\001\157}{chapter.1}% 4
\BOOKMARK [1][-]{section.1.4}{\376\377\000\040\000H\000y\000p\000e\000r\000v\000a\000l\000e\000n\000c\000e\000\040\000s\000l\000o\000u\001\015\000e\000n\000i\000n\000\040\000k\001\131\000e\000m\000\355\000k\000u}{chapter.1}% 5
\BOOKMARK [1][-]{section.1.5}{\040Formulace\040teoretick\351ho\040probl\351mu}{chapter.1}% 6
\BOOKMARK [0][-]{chapter.2}{Metody\040kvantov\351\040chemie}{}% 7
\BOOKMARK [1][-]{section.2.1}{\376\377\000\040\000K\000v\000a\000n\000t\000o\000v\001\033\000-\000m\000e\000c\000h\000a\000n\000i\000c\000k\000\375\000\040\000p\000o\000p\000i\000s\000\040\000e\000l\000e\000k\000t\000r\000o\000n\000o\000v\000\351\000\040\000s\000t\000r\000u\000k\000t\000u\000r\000y}{chapter.2}% 8
\BOOKMARK [1][-]{section.2.2}{\040Teorie\040funkcion\341lu\040hustoty}{chapter.2}% 9
\BOOKMARK [2][-]{subsection.2.2.1}{\040DFT\040metody\040v\040praxi}{section.2.2}% 10
\BOOKMARK [1][-]{section.2.3}{\376\377\000\040\000B\000\341\000z\000e\000\040\000v\000\040\000k\000v\000a\000n\000t\000o\000v\001\033\000\040\000c\000h\000m\000e\000m\000i\000c\000k\000\375\000c\000h\000\040\000v\000\375\000p\000o\001\015\000t\000e\000c\000h}{chapter.2}% 11
\BOOKMARK [1][-]{section.2.4}{\376\377\000\040\000P\001\131\000i\000r\000o\000z\000e\000n\000\351\000\040\000o\000r\000b\000i\000t\000a\000l\000y\000\040\000\050\000N\000B\000O\000\051}{chapter.2}% 12
\BOOKMARK [1][-]{section.2.5}{\040Kvalitativn\355\040koncepty\040v\040kvantov\351\040chemii}{chapter.2}% 13
\BOOKMARK [2][-]{subsection.2.5.1}{\376\377\000\040\000T\000v\000r\000d\000o\000s\000t\000\040\000a\000\040\000m\001\033\000k\000k\000o\000s\000t\000\040\000k\000y\000s\000e\000l\000i\000n\000\040\000a\000\040\000b\000\341\000z\000e}{section.2.5}% 14
\BOOKMARK [2][-]{subsection.2.5.2}{\376\377\000\040\000M\000u\000l\000l\000i\000k\000e\000n\000o\000v\000a\000\040\000p\000o\000p\000u\000l\000a\001\015\000n\000\355\000\040\000a\000n\000a\000l\000\375\000z\000a}{section.2.5}% 15
\BOOKMARK [2][-]{subsection.2.5.3}{\376\377\000\040\000S\000p\000e\000k\000t\000r\000o\000s\000k\000o\000p\000i\000c\000k\000\351\000\040\000v\000l\000a\000s\000n\000o\000s\000t\000i\000\040\000a\000t\000o\000m\001\157\000\040\000a\000\040\000m\000o\000l\000e\000k\000u\000l}{section.2.5}% 16
\BOOKMARK [1][-]{section.2.6}{\376\377\000\040\000V\000\375\000p\000o\001\015\000e\000t\000n\000\355\000\040\000d\000e\000t\000a\000i\000l\000y}{chapter.2}% 17
\BOOKMARK [0][-]{chapter.3}{V\375sledky\040a\040diskuze}{}% 18
\BOOKMARK [1][-]{section.3.1}{\040Struktury}{chapter.3}% 19
\BOOKMARK [2][-]{subsection.3.1.1}{\376\377\000\040\001\014\000t\000y\001\131\000k\000o\000o\000r\000d\000i\000n\000o\000v\000a\000n\000\375\000\040\000k\001\131\000e\000m\000\355\000k\000\040\000j\000a\000k\000o\000\040\000r\000e\000a\000k\000t\000a\000n\000t}{section.3.1}% 20
\BOOKMARK [2][-]{subsection.3.1.2}{\040Mal\351\040modely}{section.3.1}% 21
\BOOKMARK [2][-]{subsection.3.1.3}{\376\377\000\040\000S\000t\001\131\000e\000d\000n\001\033\000\040\000v\000e\000l\000k\000\351\000\040\000m\000o\000d\000e\000l\000y}{section.3.1}% 22
\BOOKMARK [2][-]{subsection.3.1.4}{\040Velk\351\040modely}{section.3.1}% 23
\BOOKMARK [1][-]{section.3.2}{\040Vazby}{chapter.3}% 24
\BOOKMARK [1][-]{section.3.3}{\040Spektroskopi}{chapter.3}% 25
\BOOKMARK [0][-]{chapter.4}{\376\377\000Z\000\341\000v\001\033\000r}{}% 26
\BOOKMARK [0][-]{chapter*.10}{Literatura}{}% 27
